android/app/build/outputs/logs/manifest-merger-release-report.txt
-- Merging decision tree log ---
manifest
ADDED from src/main/AndroidManifest.xml:1:1-51:12
INJECTED from src/main/AndroidManifest.xml:1:1-51:12
INJECTED from src/main/AndroidManifest.xml:1:1-51:12
INJECTED from src/main/AndroidManifest.xml:1:1-51:12
MERGED from [:@mauron85_react-native-background-geolocation] AndroidManifest.xml:20:1-91:12
MERGED from [com.facebook.fresco:animated-gif:1.14.2] AndroidManifest.xml:2:1-9:12
MERGED from [:react-native-gesture-handler] AndroidManifest.xml:2:1-11:12
MERGED from [com.microsoft.appcenter:appcenter-analytics:3.3.0] AndroidManifest.xml:6:1-15:12
MERGED from [com.microsoft.appcenter:appcenter-crashes:3.3.0] AndroidManifest.xml:6:1-15:12
MERGED from [:react-native-unified-contacts] AndroidManifest.xml:2:1-11:12
MERGED from [:unimodules-react-native-adapter] AndroidManifest.xml:2:1-17:12
MERGED from [:expo-splash-screen] AndroidManifest.xml:2:1-11:12
MERGED from [:expo-updates] AndroidManifest.xml:2:1-13:12
MERGED from [:mauron85_react-native-background-geolocation] AndroidManifest.xml:20:1-91:12
MERGED from [:react-native-background-timer] AndroidManifest.xml:2:1-13:12
MERGED from [:react-native-maps] AndroidManifest.xml:2:1-12:12
MERGED from [:react-native-sms] AndroidManifest.xml:2:1-11:12
MERGED from [:rn-update-apk] AndroidManifest.xml:2:1-11:12
MERGED from [com.facebook.react:react-native:0.62.2] AndroidManifest.xml:2:1-13:12
MERGED from [:expo-file-system] AndroidManifest.xml:2:1-30:12
MERGED from [androidx.legacy:legacy-support-v4:1.0.0] AndroidManifest.xml:17:1-22:12
MERGED from [androidx.legacy:legacy-support-core-ui:1.0.0] AndroidManifest.xml:17:1-22:12
MERGED from [androidx.swiperefreshlayout:swiperefreshlayout:1.0.0] AndroidManifest.xml:17:1-22:12
MERGED from [:expo-constants] AndroidManifest.xml:2:1-11:12
MERGED from [:expo-error-recovery] AndroidManifest.xml:2:1-11:12
MERGED from [:expo-font] AndroidManifest.xml:2:1-11:12
MERGED from [:expo-image-loader] AndroidManifest.xml:2:1-11:12
MERGED from [:expo-keep-awake] AndroidManifest.xml:2:1-11:12
MERGED from [:expo-linear-gradient] AndroidManifest.xml:2:1-11:12
MERGED from [:expo-location] AndroidManifest.xml:2:1-21:12
MERGED from [:expo-permissions] AndroidManifest.xml:2:1-11:12
MERGED from [:expo-sqlite] AndroidManifest.xml:2:1-11:12
MERGED from [:unimodules-app-loader] AndroidManifest.xml:2:1-11:12
MERGED from [:unimodules-permissions-interface] AndroidManifest.xml:2:1-11:12
MERGED from [:unimodules-task-manager-interface] AndroidManifest.xml:2:1-11:12
MERGED from [:unimodules-core] AndroidManifest.xml:2:1-11:12
MERGED from [:unimodules-barcode-scanner-interface] AndroidManifest.xml:2:1-11:12
MERGED from [:unimodules-camera-interface] AndroidManifest.xml:2:1-11:12
MERGED from [:unimodules-constants-interface] AndroidManifest.xml:2:1-11:12
MERGED from [:unimodules-face-detector-interface] AndroidManifest.xml:2:1-11:12
MERGED from [:unimodules-file-system-interface] AndroidManifest.xml:2:1-11:12
MERGED from [:unimodules-font-interface] AndroidManifest.xml:2:1-11:12
MERGED from [:unimodules-image-loader-interface] AndroidManifest.xml:2:1-11:12
MERGED from [:unimodules-sensors-interface] AndroidManifest.xml:2:1-11:12
MERGED from [org.webkit:android-jsc:r245459] AndroidManifest.xml:2:1-11:12
MERGED from [:@mauron85_react-native-background-geolocation-common] AndroidManifest.xml:20:1-85:12
MERGED from [com.facebook.fresco:animated-base:1.14.2] AndroidManifest.xml:2:1-9:12
MERGED from [com.facebook.fresco:fresco:2.0.0] AndroidManifest.xml:2:1-9:12
MERGED from [com.facebook.fresco:imagepipeline-okhttp3:2.0.0] AndroidManifest.xml:2:1-9:12
MERGED from [com.facebook.fresco:animated-drawable:1.14.2] AndroidManifest.xml:2:1-9:12
MERGED from [com.facebook.fresco:drawee:2.0.0] AndroidManifest.xml:2:1-9:12
MERGED from [com.facebook.fresco:nativeimagefilters:2.0.0] AndroidManifest.xml:2:1-9:12
MERGED from [com.facebook.fresco:imagepipeline:2.0.0] AndroidManifest.xml:2:1-9:12
MERGED from [com.facebook.fresco:nativeimagetranscoder:2.0.0] AndroidManifest.xml:2:1-9:12
MERGED from [com.facebook.fresco:imagepipeline-base:2.0.0] AndroidManifest.xml:2:1-9:12
MERGED from [com.facebook.soloader:soloader:0.8.0] AndroidManifest.xml:2:1-13:12
MERGED from [com.facebook.fresco:fbcore:2.0.0] AndroidManifest.xml:2:1-9:12
MERGED from [com.microsoft.appcenter:appcenter:3.3.0] AndroidManifest.xml:6:1-18:12
MERGED from [androidx.appcompat:appcompat:1.1.0] AndroidManifest.xml:17:1-24:12
MERGED from [com.github.bumptech.glide:glide:4.9.0] AndroidManifest.xml:2:1-12:12
MERGED from [androidx.appcompat:appcompat-resources:1.1.0] AndroidManifest.xml:17:1-24:12
MERGED from [androidx.vectordrawable:vectordrawable-animated:1.1.0] AndroidManifest.xml:17:1-24:12
MERGED from [androidx.interpolator:interpolator:1.0.0] AndroidManifest.xml:17:1-22:12
MERGED from [androidx.media:media:1.0.0] AndroidManifest.xml:17:1-22:12
MERGED from [androidx.legacy:legacy-support-core-utils:1.0.0] AndroidManifest.xml:17:1-22:12
MERGED from [com.github.bumptech.glide:gifdecoder:4.9.0] AndroidManifest.xml:2:1-11:12
MERGED from [androidx.room:room-runtime:2.1.0] AndroidManifest.xml:17:1-30:12
MERGED from [com.google.android.gms:play-services-location:17.0.0] AndroidManifest.xml:2:1-9:12
MERGED from [com.google.android.gms:play-services-maps:17.0.0] AndroidManifest.xml:17:1-38:12
MERGED from [com.google.android.gms:play-services-auth:9.8.0] AndroidManifest.xml:16:1-26:12
MERGED from [com.google.android.gms:play-services-auth-base:9.8.0] AndroidManifest.xml:2:1-5:12
MERGED from [com.google.android.gms:play-services-base:17.0.0] AndroidManifest.xml:17:1-29:12
MERGED from [com.google.android.gms:play-services-places-placereport:17.0.0] AndroidManifest.xml:17:1-24:12
MERGED from [com.google.android.gms:play-services-tasks:17.0.0] AndroidManifest.xml:2:1-9:12
MERGED from [com.google.android.gms:play-services-basement:17.0.0] AndroidManifest.xml:17:1-28:12
MERGED from [androidx.fragment:fragment:1.1.0] AndroidManifest.xml:17:1-24:12
MERGED from [androidx.drawerlayout:drawerlayout:1.0.0] AndroidManifest.xml:17:1-22:12
MERGED from [androidx.loader:loader:1.0.0] AndroidManifest.xml:17:1-22:12
MERGED from [androidx.viewpager:viewpager:1.0.0] AndroidManifest.xml:17:1-22:12
MERGED from [androidx.coordinatorlayout:coordinatorlayout:1.0.0] AndroidManifest.xml:17:1-22:12
MERGED from [androidx.slidingpanelayout:slidingpanelayout:1.0.0] AndroidManifest.xml:17:1-22:12
MERGED from [androidx.customview:customview:1.0.0] AndroidManifest.xml:17:1-22:12
MERGED from [androidx.asynclayoutinflater:asynclayoutinflater:1.0.0] AndroidManifest.xml:17:1-22:12
MERGED from [androidx.activity:activity:1.0.0] AndroidManifest.xml:17:1-24:12
MERGED from [androidx.vectordrawable:vectordrawable:1.1.0] AndroidManifest.xml:17:1-24:12
MERGED from [androidx.core:core:1.1.0] AndroidManifest.xml:17:1-26:12
MERGED from [androidx.cursoradapter:cursoradapter:1.0.0] AndroidManifest.xml:17:1-22:12
MERGED from [androidx.sqlite:sqlite-framework:2.0.1] AndroidManifest.xml:17:1-22:12
MERGED from [androidx.sqlite:sqlite:2.0.1] AndroidManifest.xml:17:1-22:12
MERGED from [androidx.lifecycle:lifecycle-livedata:2.0.0] AndroidManifest.xml:17:1-22:12
MERGED from [androidx.lifecycle:lifecycle-livedata-core:2.0.0] AndroidManifest.xml:17:1-22:12
MERGED from [androidx.arch.core:core-runtime:2.0.1] AndroidManifest.xml:17:1-22:12
MERGED from [androidx.documentfile:documentfile:1.0.0] AndroidManifest.xml:17:1-22:12
MERGED from [androidx.localbroadcastmanager:localbroadcastmanager:1.0.0] AndroidManifest.xml:17:1-22:12
MERGED from [androidx.print:print:1.0.0] AndroidManifest.xml:17:1-22:12
MERGED from [androidx.versionedparcelable:versionedparcelable:1.1.0] AndroidManifest.xml:17:1-27:12
MERGED from [androidx.lifecycle:lifecycle-runtime:2.1.0] AndroidManifest.xml:17:1-22:12
MERGED from [androidx.lifecycle:lifecycle-viewmodel:2.1.0] AndroidManifest.xml:17:1-22:12
MERGED from [androidx.savedstate:savedstate:1.0.0] AndroidManifest.xml:17:1-24:12
MERGED from [io.nlopez.smartlocation:library:3.2.11] AndroidManifest.xml:2:1-30:12
MERGED from [com.google.maps.android:android-maps-utils:0.5] AndroidManifest.xml:2:1-13:12
MERGED from [com.intentfilter:android-permissions:0.1.7] AndroidManifest.xml:2:1-18:12
MERGED from [com.github.tony19:logback-android:1.1.1-9] AndroidManifest.xml:2:1-11:12
MERGED from [com.facebook.soloader:annotation:0.8.0] AndroidManifest.xml:2:1-13:12
MERGED from [com.github.tony19:apktool-lib:1.4.4-5] AndroidManifest.xml:2:1-11:12
INJECTED from src/main/AndroidManifest.xml:1:1-51:12
INJECTED from src/main/AndroidManifest.xml:1:1-51:12
INJECTED from src/main/AndroidManifest.xml:1:1-51:12
	package
		ADDED from src/main/AndroidManifest.xml:1:70-91
		INJECTED from src/main/AndroidManifest.xml
		INJECTED from src/main/AndroidManifest.xml
	android:versionName
		INJECTED from src/main/AndroidManifest.xml
		ADDED from src/main/AndroidManifest.xml:1:1-51:12
		INJECTED from src/main/AndroidManifest.xml
	android:versionCode
		INJECTED from src/main/AndroidManifest.xml
		ADDED from src/main/AndroidManifest.xml:1:1-51:12
		INJECTED from src/main/AndroidManifest.xml
	xmlns:android
		ADDED from src/main/AndroidManifest.xml:1:11-69
uses-permission#android.permission.REQUEST_INSTALL_PACKAGES
ADDED from src/main/AndroidManifest.xml:2:3-80
	android:name
		ADDED from src/main/AndroidManifest.xml:2:20-78
uses-permission#android.permission.INTERNET
ADDED from src/main/AndroidManifest.xml:3:3-64
MERGED from [:@mauron85_react-native-background-geolocation] AndroidManifest.xml:30:5-67
MERGED from [:@mauron85_react-native-background-geolocation] AndroidManifest.xml:30:5-67
MERGED from [:mauron85_react-native-background-geolocation] AndroidManifest.xml:30:5-67
MERGED from [:mauron85_react-native-background-geolocation] AndroidManifest.xml:30:5-67
MERGED from [:react-native-maps] AndroidManifest.xml:9:5-67
MERGED from [:react-native-maps] AndroidManifest.xml:9:5-67
MERGED from [:expo-file-system] AndroidManifest.xml:12:5-67
MERGED from [:expo-file-system] AndroidManifest.xml:12:5-67
MERGED from [:@mauron85_react-native-background-geolocation-common] AndroidManifest.xml:28:5-67
MERGED from [:@mauron85_react-native-background-geolocation-common] AndroidManifest.xml:28:5-67
MERGED from [com.microsoft.appcenter:appcenter:3.3.0] AndroidManifest.xml:15:5-67
MERGED from [com.microsoft.appcenter:appcenter:3.3.0] AndroidManifest.xml:15:5-67
MERGED from [com.google.android.gms:play-services-maps:17.0.0] AndroidManifest.xml:24:5-67
MERGED from [com.google.android.gms:play-services-maps:17.0.0] AndroidManifest.xml:24:5-67
	android:name
		ADDED from src/main/AndroidManifest.xml:3:20-62
uses-permission#android.permission.SYSTEM_ALERT_WINDOW
ADDED from src/main/AndroidManifest.xml:4:3-75
	android:name
		ADDED from src/main/AndroidManifest.xml:4:20-73
uses-permission#android.permission.MANAGE_DOCUMENTS
ADDED from src/main/AndroidManifest.xml:5:3-72
	android:name
		ADDED from src/main/AndroidManifest.xml:5:20-70
uses-permission#android.permission.READ_INTERNAL_STORAGE
ADDED from src/main/AndroidManifest.xml:6:3-77
	android:name
		ADDED from src/main/AndroidManifest.xml:6:20-75
uses-permission#android.permission.READ_PHONE_STATE
ADDED from src/main/AndroidManifest.xml:7:3-72
	android:name
		ADDED from src/main/AndroidManifest.xml:7:20-70
uses-permission#android.permission.USE_FINGERPRINT
ADDED from src/main/AndroidManifest.xml:8:3-71
	android:name
		ADDED from src/main/AndroidManifest.xml:8:20-69
uses-permission#android.permission.VIBRATE
ADDED from src/main/AndroidManifest.xml:9:3-63
	android:name
		ADDED from src/main/AndroidManifest.xml:9:20-61
uses-permission#android.permission.MODIFY_AUDIO_SETTINGS
ADDED from src/main/AndroidManifest.xml:10:3-77
	android:name
		ADDED from src/main/AndroidManifest.xml:10:20-75
uses-permission#android.permission.ACCESS_COARSE_LOCATION
ADDED from src/main/AndroidManifest.xml:11:3-78
MERGED from [:@mauron85_react-native-background-geolocation] AndroidManifest.xml:33:5-81
MERGED from [:@mauron85_react-native-background-geolocation] AndroidManifest.xml:33:5-81
MERGED from [:mauron85_react-native-background-geolocation] AndroidManifest.xml:33:5-81
MERGED from [:mauron85_react-native-background-geolocation] AndroidManifest.xml:33:5-81
MERGED from [:react-native-maps] AndroidManifest.xml:10:5-81
MERGED from [:react-native-maps] AndroidManifest.xml:10:5-81
MERGED from [:expo-location] AndroidManifest.xml:11:5-81
MERGED from [:expo-location] AndroidManifest.xml:11:5-81
MERGED from [:@mauron85_react-native-background-geolocation-common] AndroidManifest.xml:31:5-81
MERGED from [:@mauron85_react-native-background-geolocation-common] AndroidManifest.xml:31:5-81
MERGED from [io.nlopez.smartlocation:library:3.2.11] AndroidManifest.xml:12:5-81
MERGED from [io.nlopez.smartlocation:library:3.2.11] AndroidManifest.xml:12:5-81
	android:name
		ADDED from src/main/AndroidManifest.xml:11:20-76
uses-permission#android.permission.ACCESS_FINE_LOCATION
ADDED from src/main/AndroidManifest.xml:12:3-76
MERGED from [:@mauron85_react-native-background-geolocation] AndroidManifest.xml:34:5-79
MERGED from [:@mauron85_react-native-background-geolocation] AndroidManifest.xml:34:5-79
MERGED from [:mauron85_react-native-background-geolocation] AndroidManifest.xml:34:5-79
MERGED from [:mauron85_react-native-background-geolocation] AndroidManifest.xml:34:5-79
MERGED from [:expo-location] AndroidManifest.xml:12:5-79
MERGED from [:expo-location] AndroidManifest.xml:12:5-79
MERGED from [:@mauron85_react-native-background-geolocation-common] AndroidManifest.xml:32:5-79
MERGED from [:@mauron85_react-native-background-geolocation-common] AndroidManifest.xml:32:5-79
MERGED from [io.nlopez.smartlocation:library:3.2.11] AndroidManifest.xml:14:5-79
MERGED from [io.nlopez.smartlocation:library:3.2.11] AndroidManifest.xml:14:5-79
	android:name
		ADDED from src/main/AndroidManifest.xml:12:20-74
uses-permission#android.permission.CAMERA
ADDED from src/main/AndroidManifest.xml:13:3-62
	android:name
		ADDED from src/main/AndroidManifest.xml:13:20-60
uses-permission#android.permission.READ_CONTACTS
ADDED from src/main/AndroidManifest.xml:14:3-69
	android:name
		ADDED from src/main/AndroidManifest.xml:14:20-67
uses-permission#android.permission.READ_CALENDAR
ADDED from src/main/AndroidManifest.xml:15:3-69
	android:name
		ADDED from src/main/AndroidManifest.xml:15:20-67
uses-permission#android.permission.WRITE_CALENDAR
ADDED from src/main/AndroidManifest.xml:16:3-70
	android:name
		ADDED from src/main/AndroidManifest.xml:16:20-68
uses-permission#android.permission.READ_EXTERNAL_STORAGE
ADDED from src/main/AndroidManifest.xml:17:3-77
MERGED from [:expo-file-system] AndroidManifest.xml:14:5-80
MERGED from [:expo-file-system] AndroidManifest.xml:14:5-80
	android:name
		ADDED from src/main/AndroidManifest.xml:17:20-75
uses-permission#android.permission.RECORD_AUDIO
ADDED from src/main/AndroidManifest.xml:18:3-68
	android:name
		ADDED from src/main/AndroidManifest.xml:18:20-66
uses-permission#android.permission.WRITE_EXTERNAL_STORAGE
ADDED from src/main/AndroidManifest.xml:19:3-78
MERGED from [:expo-file-system] AndroidManifest.xml:13:5-81
MERGED from [:expo-file-system] AndroidManifest.xml:13:5-81
	android:name
		ADDED from src/main/AndroidManifest.xml:19:20-76
uses-permission#android.permission.WRITE_SETTINGS
ADDED from src/main/AndroidManifest.xml:20:3-70
	android:name
		ADDED from src/main/AndroidManifest.xml:20:20-68
uses-permission#android.permission.ACCESS_NETWORK_STATE
ADDED from src/main/AndroidManifest.xml:21:3-76
MERGED from [:@mauron85_react-native-background-geolocation] AndroidManifest.xml:32:5-79
MERGED from [:@mauron85_react-native-background-geolocation] AndroidManifest.xml:32:5-79
MERGED from [:expo-updates] AndroidManifest.xml:11:5-79
MERGED from [:expo-updates] AndroidManifest.xml:11:5-79
MERGED from [:mauron85_react-native-background-geolocation] AndroidManifest.xml:32:5-79
MERGED from [:mauron85_react-native-background-geolocation] AndroidManifest.xml:32:5-79
MERGED from [:@mauron85_react-native-background-geolocation-common] AndroidManifest.xml:30:5-79
MERGED from [:@mauron85_react-native-background-geolocation-common] AndroidManifest.xml:30:5-79
MERGED from [com.microsoft.appcenter:appcenter:3.3.0] AndroidManifest.xml:16:5-79
MERGED from [com.microsoft.appcenter:appcenter:3.3.0] AndroidManifest.xml:16:5-79
MERGED from [com.google.android.gms:play-services-maps:17.0.0] AndroidManifest.xml:23:5-79
MERGED from [com.google.android.gms:play-services-maps:17.0.0] AndroidManifest.xml:23:5-79
MERGED from [io.nlopez.smartlocation:library:3.2.11] AndroidManifest.xml:13:5-79
MERGED from [io.nlopez.smartlocation:library:3.2.11] AndroidManifest.xml:13:5-79
	android:name
		ADDED from src/main/AndroidManifest.xml:21:20-74
uses-permission#android.permission.WAKE_LOCK
ADDED from src/main/AndroidManifest.xml:22:3-65
MERGED from [:@mauron85_react-native-background-geolocation] AndroidManifest.xml:31:5-68
MERGED from [:@mauron85_react-native-background-geolocation] AndroidManifest.xml:31:5-68
MERGED from [:mauron85_react-native-background-geolocation] AndroidManifest.xml:31:5-68
MERGED from [:mauron85_react-native-background-geolocation] AndroidManifest.xml:31:5-68
MERGED from [:react-native-background-timer] AndroidManifest.xml:11:5-68
MERGED from [:react-native-background-timer] AndroidManifest.xml:11:5-68
MERGED from [:@mauron85_react-native-background-geolocation-common] AndroidManifest.xml:29:5-68
MERGED from [:@mauron85_react-native-background-geolocation-common] AndroidManifest.xml:29:5-68
	android:name
		ADDED from src/main/AndroidManifest.xml:22:20-63
uses-permission#com.google.android.c2dm.permission.RECEIVE
ADDED from src/main/AndroidManifest.xml:23:3-79
	android:name
		ADDED from src/main/AndroidManifest.xml:23:20-77
uses-permission#android.permission.WRITE_CONTACTS
ADDED from src/main/AndroidManifest.xml:24:3-71
	android:name
		ADDED from src/main/AndroidManifest.xml:24:20-68
uses-permission#android.permission.SEND_SMS
ADDED from src/main/AndroidManifest.xml:25:3-65
	android:name
		ADDED from src/main/AndroidManifest.xml:25:20-62
application
ADDED from src/main/AndroidManifest.xml:27:3-49:17
MERGED from [:@mauron85_react-native-background-geolocation] AndroidManifest.xml:43:5-89:19
MERGED from [:@mauron85_react-native-background-geolocation] AndroidManifest.xml:43:5-89:19
MERGED from [:unimodules-react-native-adapter] AndroidManifest.xml:11:5-15:19
MERGED from [:unimodules-react-native-adapter] AndroidManifest.xml:11:5-15:19
MERGED from [:mauron85_react-native-background-geolocation] AndroidManifest.xml:43:5-89:19
MERGED from [:mauron85_react-native-background-geolocation] AndroidManifest.xml:43:5-89:19
MERGED from [com.facebook.react:react-native:0.62.2] AndroidManifest.xml:11:5-20
MERGED from [com.facebook.react:react-native:0.62.2] AndroidManifest.xml:11:5-20
MERGED from [:expo-file-system] AndroidManifest.xml:17:5-28:19
MERGED from [:expo-file-system] AndroidManifest.xml:17:5-28:19
MERGED from [:expo-location] AndroidManifest.xml:15:5-19:19
MERGED from [:expo-location] AndroidManifest.xml:15:5-19:19
MERGED from [:@mauron85_react-native-background-geolocation-common] AndroidManifest.xml:41:5-83:19
MERGED from [:@mauron85_react-native-background-geolocation-common] AndroidManifest.xml:41:5-83:19
MERGED from [com.facebook.soloader:soloader:0.8.0] AndroidManifest.xml:11:5-20
MERGED from [com.facebook.soloader:soloader:0.8.0] AndroidManifest.xml:11:5-20
MERGED from [com.github.bumptech.glide:glide:4.9.0] AndroidManifest.xml:10:5-20
MERGED from [com.github.bumptech.glide:glide:4.9.0] AndroidManifest.xml:10:5-20
MERGED from [com.github.bumptech.glide:gifdecoder:4.9.0] AndroidManifest.xml:9:5-20
MERGED from [com.github.bumptech.glide:gifdecoder:4.9.0] AndroidManifest.xml:9:5-20
MERGED from [androidx.room:room-runtime:2.1.0] AndroidManifest.xml:24:5-28:19
MERGED from [androidx.room:room-runtime:2.1.0] AndroidManifest.xml:24:5-28:19
MERGED from [com.google.android.gms:play-services-location:17.0.0] AndroidManifest.xml:7:5-20
MERGED from [com.google.android.gms:play-services-location:17.0.0] AndroidManifest.xml:7:5-20
MERGED from [com.google.android.gms:play-services-maps:17.0.0] AndroidManifest.xml:30:5-36:19
MERGED from [com.google.android.gms:play-services-maps:17.0.0] AndroidManifest.xml:30:5-36:19
MERGED from [com.google.android.gms:play-services-auth:9.8.0] AndroidManifest.xml:19:5-25:19
MERGED from [com.google.android.gms:play-services-auth:9.8.0] AndroidManifest.xml:19:5-25:19
MERGED from [com.google.android.gms:play-services-base:17.0.0] AndroidManifest.xml:22:5-27:19
MERGED from [com.google.android.gms:play-services-base:17.0.0] AndroidManifest.xml:22:5-27:19
MERGED from [com.google.android.gms:play-services-places-placereport:17.0.0] AndroidManifest.xml:22:5-20
MERGED from [com.google.android.gms:play-services-places-placereport:17.0.0] AndroidManifest.xml:22:5-20
MERGED from [com.google.android.gms:play-services-tasks:17.0.0] AndroidManifest.xml:7:5-20
MERGED from [com.google.android.gms:play-services-tasks:17.0.0] AndroidManifest.xml:7:5-20
MERGED from [com.google.android.gms:play-services-basement:17.0.0] AndroidManifest.xml:22:5-26:19
MERGED from [com.google.android.gms:play-services-basement:17.0.0] AndroidManifest.xml:22:5-26:19
MERGED from [androidx.core:core:1.1.0] AndroidManifest.xml:24:5-89
MERGED from [androidx.core:core:1.1.0] AndroidManifest.xml:24:5-89
MERGED from [androidx.versionedparcelable:versionedparcelable:1.1.0] AndroidManifest.xml:24:5-25:19
MERGED from [androidx.versionedparcelable:versionedparcelable:1.1.0] AndroidManifest.xml:24:5-25:19
MERGED from [io.nlopez.smartlocation:library:3.2.11] AndroidManifest.xml:18:5-28:19
MERGED from [io.nlopez.smartlocation:library:3.2.11] AndroidManifest.xml:18:5-28:19
MERGED from [com.google.maps.android:android-maps-utils:0.5] AndroidManifest.xml:7:5-11:19
MERGED from [com.google.maps.android:android-maps-utils:0.5] AndroidManifest.xml:7:5-11:19
MERGED from [com.intentfilter:android-permissions:0.1.7] AndroidManifest.xml:11:5-16:19
MERGED from [com.intentfilter:android-permissions:0.1.7] AndroidManifest.xml:11:5-16:19
MERGED from [com.facebook.soloader:annotation:0.8.0] AndroidManifest.xml:11:5-20
MERGED from [com.facebook.soloader:annotation:0.8.0] AndroidManifest.xml:11:5-20
	android:appComponentFactory
		ADDED from [androidx.core:core:1.1.0] AndroidManifest.xml:24:18-86
	android:label
		ADDED from src/main/AndroidManifest.xml:27:48-80
	android:roundIcon
		ADDED from src/main/AndroidManifest.xml:27:116-161
	android:icon
		ADDED from src/main/AndroidManifest.xml:27:81-115
	android:allowBackup
		ADDED from src/main/AndroidManifest.xml:27:162-189
	android:theme
		ADDED from src/main/AndroidManifest.xml:27:190-221
	android:name
		ADDED from src/main/AndroidManifest.xml:27:16-47
meta-data#expo.modules.updates.EXPO_UPDATE_URL
ADDED from src/main/AndroidManifest.xml:28:5-103
	android:value
		ADDED from src/main/AndroidManifest.xml:28:68-101
	android:name
		ADDED from src/main/AndroidManifest.xml:28:16-67
meta-data#expo.modules.updates.EXPO_SDK_VERSION
ADDED from src/main/AndroidManifest.xml:29:5-93
	android:value
		ADDED from src/main/AndroidManifest.xml:29:69-91
	android:name
		ADDED from src/main/AndroidManifest.xml:29:16-68
meta-data#expo.modules.updates.ENABLED
ADDED from src/main/AndroidManifest.xml:30:5-82
	android:value
		ADDED from src/main/AndroidManifest.xml:30:60-80
	android:name
		ADDED from src/main/AndroidManifest.xml:30:16-59
meta-data#expo.modules.updates.EXPO_UPDATES_CHECK_ON_LAUNCH
ADDED from src/main/AndroidManifest.xml:31:5-105
	android:value
		ADDED from src/main/AndroidManifest.xml:31:81-103
	android:name
		ADDED from src/main/AndroidManifest.xml:31:16-80
meta-data#expo.modules.updates.EXPO_UPDATES_LAUNCH_WAIT_MS
ADDED from src/main/AndroidManifest.xml:32:5-99
	android:value
		ADDED from src/main/AndroidManifest.xml:32:80-97
	android:name
		ADDED from src/main/AndroidManifest.xml:32:16-79
activity#com.example.MainActivity
ADDED from src/main/AndroidManifest.xml:33:5-44:16
	android:screenOrientation
		ADDED from src/main/AndroidManifest.xml:33:276-312
	android:label
		ADDED from src/main/AndroidManifest.xml:33:44-76
	android:launchMode
		ADDED from src/main/AndroidManifest.xml:33:155-186
	android:windowSoftInputMode
		ADDED from src/main/AndroidManifest.xml:33:187-229
	android:configChanges
		ADDED from src/main/AndroidManifest.xml:33:77-154
	android:theme
		ADDED from src/main/AndroidManifest.xml:33:230-275
	android:name
		ADDED from src/main/AndroidManifest.xml:33:15-43
intent-filter#action:name:android.intent.action.MAIN+category:name:android.intent.category.LAUNCHER
ADDED from src/main/AndroidManifest.xml:34:7-37:23
action#android.intent.action.MAIN
ADDED from src/main/AndroidManifest.xml:35:9-60
	android:name
		ADDED from src/main/AndroidManifest.xml:35:17-58
category#android.intent.category.LAUNCHER
ADDED from src/main/AndroidManifest.xml:36:9-68
	android:name
		ADDED from src/main/AndroidManifest.xml:36:19-66
intent-filter#action:name:android.intent.action.VIEW+category:name:android.intent.category.BROWSABLE+category:name:android.intent.category.DEFAULT+data:scheme:com.example
ADDED from src/main/AndroidManifest.xml:38:7-43:23
action#android.intent.action.VIEW
ADDED from src/main/AndroidManifest.xml:39:9-60
	android:name
		ADDED from src/main/AndroidManifest.xml:39:17-58
category#android.intent.category.DEFAULT
ADDED from src/main/AndroidManifest.xml:40:9-67
	android:name
		ADDED from src/main/AndroidManifest.xml:40:19-65
category#android.intent.category.BROWSABLE
ADDED from src/main/AndroidManifest.xml:41:9-69
	android:name
		ADDED from src/main/AndroidManifest.xml:41:19-67
data
ADDED from src/main/AndroidManifest.xml:42:9-45
	android:scheme
		ADDED from src/main/AndroidManifest.xml:42:15-43
activity#com.facebook.react.devsupport.DevSettingsActivity
ADDED from src/main/AndroidManifest.xml:45:5-81
	android:name
		ADDED from src/main/AndroidManifest.xml:45:15-79
meta-data#com.google.android.geo.API_KEY
ADDED from src/main/AndroidManifest.xml:46:5-48:63
	android:value
		ADDED from src/main/AndroidManifest.xml:48:6-61
	android:name
		ADDED from src/main/AndroidManifest.xml:47:6-51
uses-sdk
INJECTED from src/main/AndroidManifest.xml reason: use-sdk injection requested
INJECTED from src/main/AndroidManifest.xml
INJECTED from src/main/AndroidManifest.xml
MERGED from [:@mauron85_react-native-background-geolocation] AndroidManifest.xml:25:5-27:41
MERGED from [:@mauron85_react-native-background-geolocation] AndroidManifest.xml:25:5-27:41
MERGED from [com.facebook.fresco:animated-gif:1.14.2] AndroidManifest.xml:5:5-7:41
MERGED from [com.facebook.fresco:animated-gif:1.14.2] AndroidManifest.xml:5:5-7:41
MERGED from [:react-native-gesture-handler] AndroidManifest.xml:7:5-9:41
MERGED from [:react-native-gesture-handler] AndroidManifest.xml:7:5-9:41
MERGED from [com.microsoft.appcenter:appcenter-analytics:3.3.0] AndroidManifest.xml:11:5-13:41
MERGED from [com.microsoft.appcenter:appcenter-analytics:3.3.0] AndroidManifest.xml:11:5-13:41
MERGED from [com.microsoft.appcenter:appcenter-crashes:3.3.0] AndroidManifest.xml:11:5-13:41
MERGED from [com.microsoft.appcenter:appcenter-crashes:3.3.0] AndroidManifest.xml:11:5-13:41
MERGED from [:react-native-unified-contacts] AndroidManifest.xml:7:5-9:41
MERGED from [:react-native-unified-contacts] AndroidManifest.xml:7:5-9:41
MERGED from [:unimodules-react-native-adapter] AndroidManifest.xml:7:5-9:41
MERGED from [:unimodules-react-native-adapter] AndroidManifest.xml:7:5-9:41
MERGED from [:expo-splash-screen] AndroidManifest.xml:7:5-9:41
MERGED from [:expo-splash-screen] AndroidManifest.xml:7:5-9:41
MERGED from [:expo-updates] AndroidManifest.xml:7:5-9:41
MERGED from [:expo-updates] AndroidManifest.xml:7:5-9:41
MERGED from [:mauron85_react-native-background-geolocation] AndroidManifest.xml:25:5-27:41
MERGED from [:mauron85_react-native-background-geolocation] AndroidManifest.xml:25:5-27:41
MERGED from [:react-native-background-timer] AndroidManifest.xml:7:5-9:41
MERGED from [:react-native-background-timer] AndroidManifest.xml:7:5-9:41
MERGED from [:react-native-maps] AndroidManifest.xml:5:5-7:41
MERGED from [:react-native-maps] AndroidManifest.xml:5:5-7:41
MERGED from [:react-native-sms] AndroidManifest.xml:7:5-9:41
MERGED from [:react-native-sms] AndroidManifest.xml:7:5-9:41
MERGED from [:rn-update-apk] AndroidManifest.xml:7:5-9:41
MERGED from [:rn-update-apk] AndroidManifest.xml:7:5-9:41
MERGED from [com.facebook.react:react-native:0.62.2] AndroidManifest.xml:7:5-9:41
MERGED from [com.facebook.react:react-native:0.62.2] AndroidManifest.xml:7:5-9:41
MERGED from [:expo-file-system] AndroidManifest.xml:8:5-10:41
MERGED from [:expo-file-system] AndroidManifest.xml:8:5-10:41
MERGED from [androidx.legacy:legacy-support-v4:1.0.0] AndroidManifest.xml:20:5-44
MERGED from [androidx.legacy:legacy-support-v4:1.0.0] AndroidManifest.xml:20:5-44
MERGED from [androidx.legacy:legacy-support-core-ui:1.0.0] AndroidManifest.xml:20:5-44
MERGED from [androidx.legacy:legacy-support-core-ui:1.0.0] AndroidManifest.xml:20:5-44
MERGED from [androidx.swiperefreshlayout:swiperefreshlayout:1.0.0] AndroidManifest.xml:20:5-44
MERGED from [androidx.swiperefreshlayout:swiperefreshlayout:1.0.0] AndroidManifest.xml:20:5-44
MERGED from [:expo-constants] AndroidManifest.xml:7:5-9:41
MERGED from [:expo-constants] AndroidManifest.xml:7:5-9:41
MERGED from [:expo-error-recovery] AndroidManifest.xml:7:5-9:41
MERGED from [:expo-error-recovery] AndroidManifest.xml:7:5-9:41
MERGED from [:expo-font] AndroidManifest.xml:7:5-9:41
MERGED from [:expo-font] AndroidManifest.xml:7:5-9:41
MERGED from [:expo-image-loader] AndroidManifest.xml:7:5-9:41
MERGED from [:expo-image-loader] AndroidManifest.xml:7:5-9:41
MERGED from [:expo-keep-awake] AndroidManifest.xml:7:5-9:41
MERGED from [:expo-keep-awake] AndroidManifest.xml:7:5-9:41
MERGED from [:expo-linear-gradient] AndroidManifest.xml:7:5-9:41